/work/clas12/users/rojokell/MCLundAnalysis
   ------------------------------------------------------------------
  | Welcome to ROOT 6.24/06                        https://root.cern |
  | (c) 1995-2021, The ROOT Team; conception: R. Brun, F. Rademakers |
  | Built for linuxx8664gcc on Sep 02 2021, 14:20:23                 |
  | From tags/v6-24-06@v6-24-06                                      |
  | With g++ (GCC) 9.2.0                                             |
  | Try '.help', '.demo', '.license', '.credits', '.quit'/'.q'       |
   ------------------------------------------------------------------


Processing LundAnalysis.C("/cache/clas12/rg-a/production/montecarlo/clasdis/fall2018/torus-1/v1/bkg45nA_10604MeV//45nA_job_3051_1.hipo","/work/clas12/users/rojokell/MCLundAnalysis/OutputFiles/Slurm/Sept_5//Sept5_run1_1.root")...
HipoChain::FirstFile() -1 out of 1
compression type = 0 data length = 24682
compression type = 0 data length = 24682
compression type = 0 data length = 24682
Start Event Loop
HipoChain::NextFile() 0 out of 1
HipoChain::FirstFile() 0 out of 1
compression type = 0 data length = 24682
compression type = 0 data length = 24682
compression type = 0 data length = 24682
Breaking at event: 10000
(int) 0
